<?xml version="1.0" encoding="UTF-8"?>
<!-- Generated by org.testng.reporters.JUnitReportReporter -->
<testsuite hostname="Dee-PC" name="com.herokuapp.theinternet.NegativeTests" tests="4" failures="0" timestamp="8 Aug 2018 18:39:51 GMT" time="32.635" errors="0">
  <testcase name="negativeTest" time="5.490" classname="com.herokuapp.theinternet.NegativeTests"/>
  <testcase name="negativeTest" time="13.290" classname="com.herokuapp.theinternet.NegativeTests"/>
  <testcase name="negativeTest" time="6.126" classname="com.herokuapp.theinternet.NegativeTests"/>
  <testcase name="negativeTest" time="7.729" classname="com.herokuapp.theinternet.NegativeTests"/>
</testsuite> <!-- com.herokuapp.theinternet.NegativeTests -->
