<?xml version="1.0" encoding="UTF-8"?>
<!-- Generated by org.testng.reporters.JUnitReportReporter -->
<testsuite hostname="Dee-PC" failures="0" tests="1" name="com.herokuapp.theinternet.PositiveTests" time="5.928" errors="0" timestamp="17 Aug 2018 14:02:19 GMT" skipped="0">
  <testcase classname="com.herokuapp.theinternet.PositiveTests" name="logInTest" time="5.928"/>
</testsuite> <!-- com.herokuapp.theinternet.PositiveTests -->
