<?xml version="1.0" encoding="UTF-8"?>
<!-- Generated by org.testng.reporters.JUnitReportReporter -->
<testsuite hostname="Dee-PC" name="com.herokuapp.theinternet.PositiveTests" tests="1" failures="0" timestamp="8 Aug 2018 18:39:11 GMT" time="7.210" errors="0">
  <testcase name="logInTest" time="7.210" classname="com.herokuapp.theinternet.PositiveTests"/>
</testsuite> <!-- com.herokuapp.theinternet.PositiveTests -->
