<?xml version="1.0" encoding="UTF-8"?>
<!-- Generated by org.testng.reporters.JUnitReportReporter -->
<testsuite hostname="Dee-PC" failures="0" tests="4" name="com.herokuapp.theinternet.NegativeTests" time="40.311" errors="0" timestamp="17 Aug 2018 13:52:19 GMT" skipped="0">
  <testcase classname="com.herokuapp.theinternet.NegativeTests" name="negativeTest" time="15.176"/>
  <testcase classname="com.herokuapp.theinternet.NegativeTests" name="negativeTest" time="7.633"/>
  <testcase classname="com.herokuapp.theinternet.NegativeTests" name="negativeTest" time="8.279"/>
  <testcase classname="com.herokuapp.theinternet.NegativeTests" name="negativeTest" time="9.223"/>
</testsuite> <!-- com.herokuapp.theinternet.NegativeTests -->
